<?xml version="1.0" encoding="utf-8"?><testsuites name="pytest tests"><testsuite name="pytest" errors="0" failures="0" skipped="0" tests="15" time="14.516" timestamp="2026-07-28T11:55:19.869653+00:00" hostname="agent-env-2bed7672-3482-48bf-9a86-d5424c1032dc"><testcase classname="tests.test_budget_yatra.TestRegressionEndpoints" name="test_list_destinations_count" time="0.186" /><testcase classname="tests.test_budget_yatra.TestPartnerReveal" name="test_reveal_without_auth_returns_401" time="0.179" /><testcase classname="tests.test_budget_yatra.TestRegressionEndpoints" name="test_meghalaya_full_no_phone" time="0.051" /><testcase classname="tests.test_budget_yatra.TestRegressionEndpoints" name="test_stories_list" time="0.045" /><testcase classname="tests.test_budget_yatra.TestPartnerReveal" name="test_reveal_with_auth_returns_phone" time="0.121" /><testcase classname="tests.test_budget_yatra.TestRegressionEndpoints" name="test_trip_plan_generates" time="9.092" /><testcase classname="tests.test_budget_yatra.TestPartnerReveal" name="test_reveal_count_incremented" time="0.180" /><testcase classname="tests.test_budget_yatra.TestPartnerReveal" name="test_reveal_invalid_partner_type" time="0.046" /><testcase classname="tests.test_budget_yatra.TestPartnerReveal" name="test_reveal_partner_not_found" time="0.045" /><testcase classname="tests.test_budget_yatra.TestContactStrip" name="test_ladakh_no_phone_in_partners" time="0.047" /><testcase classname="tests.test_budget_yatra.TestContactStrip" name="test_list_destinations_no_phone_anywhere" time="0.051" /><testcase classname="tests.test_budget_yatra.TestPartnerRatings" name="test_rate_partner_and_read_aggregated" time="0.103" /><testcase classname="tests.test_budget_yatra.TestRegressionEndpoints" name="test_chat_stream_sse" time="4.091" /><testcase classname="tests.test_budget_yatra.TestHeroImages" name="test_sikkim_hero_image_reachable" time="0.290" /><testcase classname="tests.test_budget_yatra.TestHeroImages" name="test_tawang_hero_image_reachable" time="0.168" /></testsuite></testsuites>